[18:24:21.954] update tool start...
[20:40:41.204] update tool start...
[20:49:59.842] Robot[3f002a001951363132333636] Moudle[主控板[0]] starting update...
[20:50:09.672] Robot[3f002a001951363132333636] Moudle[主控板[0]] Upgrade Success Duration:[9] Times:[1]
[20:50:10.138] Robot[3f002a001951363132333636] Moudle[血条[1]] starting update...
[20:50:10.138] Robot[3f002a001951363132333636] Moudle[装甲[0]] starting update...
[20:50:13.201] Robot[3f002a001951363132333636] Moudle[血条[1]] Upgrade Success Duration:[3] Times:[1]
[20:50:14.043] Robot[3f002a001951363132333636] Moudle[血条[2]] starting update...
[20:50:14.363] Robot[3f002a001951363132333636] Moudle[装甲[0]] Upgrade Success Duration:[4] Times:[1]
[20:50:15.052] Robot[3f002a001951363132333636] Moudle[装甲[2]] starting update...
[20:50:16.745] Robot[3f002a001951363132333636] Moudle[血条[2]] Upgrade Success Duration:[2] Times:[1]
[20:50:17.092] Robot[3f002a001951363132333636] Moudle[装甲[1]] starting update...
[20:50:19.416] Robot[3f002a001951363132333636] Moudle[装甲[2]] Upgrade Success Duration:[4] Times:[1]
[20:50:20.117] Robot[3f002a001951363132333636] Moudle[装甲[3]] starting update...
[20:50:21.305] Robot[3f002a001951363132333636] Moudle[装甲[1]] Upgrade Success Duration:[4] Times:[1]
[20:50:22.154] Robot[3f002a001951363132333636] Moudle[UWB[0]] starting update...
[20:50:24.019] Robot[3f002a001951363132333636] Moudle[装甲[3]] Upgrade Success Duration:[3] Times:[1]
[20:50:24.172] Robot[3f002a001951363132333636] Moudle[血条[0]] starting update...
[20:50:27.174] Robot[3f002a001951363132333636] Moudle[血条[0]] Upgrade Success Duration:[3] Times:[1]
[20:50:27.226] Robot[3f002a001951363132333636] Moudle[测速模块[0]] starting update...
[20:50:29.640] Robot[3f002a001951363132333636] Moudle[测速模块[0]] Upgrade Success Duration:[2] Times:[1]
[20:50:33.534] Robot[3f002a001951363132333636] Moudle[UWB[0]] Upgrade Success Duration:[11] Times:[1]
[20:58:46.685] update tool start...
[21:01:32.554] update tool start...
[21:01:39.489] update tool start...
[21:32:03.135] update tool start...
[21:35:56.953] update tool start...
